26-Jun-2020 11:34:39.731 警告 [main] org.apache.tomcat.util.digester.SetPropertiesRule.begin Match[Server/Service/Engine/Host/Context]无法将属性[debug]设置为[0]
26-Jun-2020 11:34:39.762 信息 [main] org.apache.catalina.startup.VersionLoggerListener.log Server.服务器版本: Apache Tomcat/9.0.36
26-Jun-2020 11:34:39.762 信息 [main] org.apache.catalina.startup.VersionLoggerListener.log 服务器构建:        Jun 3 2020 17:07:09 UTC
26-Jun-2020 11:34:39.762 信息 [main] org.apache.catalina.startup.VersionLoggerListener.log 服务器版本号(:     9.0.36.0
26-Jun-2020 11:34:39.762 信息 [main] org.apache.catalina.startup.VersionLoggerListener.log 操作系统名称:      Windows 10
26-Jun-2020 11:34:39.762 信息 [main] org.apache.catalina.startup.VersionLoggerListener.log OS.版本:           10.0
26-Jun-2020 11:34:39.762 信息 [main] org.apache.catalina.startup.VersionLoggerListener.log 架构:              amd64
26-Jun-2020 11:34:39.762 信息 [main] org.apache.catalina.startup.VersionLoggerListener.log Java 环境变量:     C:\Program Files\Java\jdk1.8.0_131\jre
26-Jun-2020 11:34:39.762 信息 [main] org.apache.catalina.startup.VersionLoggerListener.log Java虚拟机版本:    1.8.0_131-b11
26-Jun-2020 11:34:39.762 信息 [main] org.apache.catalina.startup.VersionLoggerListener.log JVM.供应商:        Oracle Corporation
26-Jun-2020 11:34:39.762 信息 [main] org.apache.catalina.startup.VersionLoggerListener.log CATALINA_BASE:     D:\apache_tomcat_home\apache-tomcat-9.0.36
26-Jun-2020 11:34:39.762 信息 [main] org.apache.catalina.startup.VersionLoggerListener.log CATALINA_HOME:     D:\apache_tomcat_home\apache-tomcat-9.0.36
26-Jun-2020 11:34:39.762 信息 [main] org.apache.catalina.startup.VersionLoggerListener.log 命令行参数：-Djava.util.logging.config.file=D:\apache_tomcat_home\apache-tomcat-9.0.36\conf\logging.properties
26-Jun-2020 11:34:39.762 信息 [main] org.apache.catalina.startup.VersionLoggerListener.log 命令行参数：-Djava.util.logging.manager=org.apache.juli.ClassLoaderLogManager
26-Jun-2020 11:34:39.762 信息 [main] org.apache.catalina.startup.VersionLoggerListener.log 命令行参数：-Djdk.tls.ephemeralDHKeySize=2048
26-Jun-2020 11:34:39.762 信息 [main] org.apache.catalina.startup.VersionLoggerListener.log 命令行参数：-Djava.protocol.handler.pkgs=org.apache.catalina.webresources
26-Jun-2020 11:34:39.762 信息 [main] org.apache.catalina.startup.VersionLoggerListener.log 命令行参数：-Dignore.endorsed.dirs=
26-Jun-2020 11:34:39.762 信息 [main] org.apache.catalina.startup.VersionLoggerListener.log 命令行参数：-Dcatalina.base=D:\apache_tomcat_home\apache-tomcat-9.0.36
26-Jun-2020 11:34:39.762 信息 [main] org.apache.catalina.startup.VersionLoggerListener.log 命令行参数：-Dcatalina.home=D:\apache_tomcat_home\apache-tomcat-9.0.36
26-Jun-2020 11:34:39.762 信息 [main] org.apache.catalina.startup.VersionLoggerListener.log 命令行参数：-Djava.io.tmpdir=D:\apache_tomcat_home\apache-tomcat-9.0.36\temp
26-Jun-2020 11:34:39.762 信息 [main] org.apache.catalina.core.AprLifecycleListener.lifecycleEvent 使用APR版本[1.7.0]加载了基于APR的Apache Tomcat本机库[1.2.24]。
26-Jun-2020 11:34:39.778 信息 [main] org.apache.catalina.core.AprLifecycleListener.lifecycleEvent APR功能：IPv6[true]、sendfile[true]、accept filters[false]、random[true]。
26-Jun-2020 11:34:39.778 信息 [main] org.apache.catalina.core.AprLifecycleListener.lifecycleEvent APR/OpenSSL配置：useAprConnector[false]，useOpenSSL[true]
26-Jun-2020 11:34:39.794 信息 [main] org.apache.catalina.core.AprLifecycleListener.initializeSSL OpenSSL成功初始化 [OpenSSL 1.1.1g  21 Apr 2020]
26-Jun-2020 11:34:40.093 信息 [main] org.apache.coyote.AbstractProtocol.init 初始化协议处理器 ["http-nio-8080"]
26-Jun-2020 11:34:40.281 信息 [main] org.apache.catalina.startup.Catalina.load 服务器在[733]毫秒内初始化
26-Jun-2020 11:34:40.297 信息 [main] org.apache.catalina.core.StandardService.startInternal 正在启动服务[Catalina]
26-Jun-2020 11:34:40.297 信息 [main] org.apache.catalina.core.StandardEngine.startInternal 正在启动 Servlet 引擎：[Apache Tomcat/9.0.36]
26-Jun-2020 11:34:40.485 信息 [main] org.apache.catalina.startup.HostConfig.deployDirectory 把web 应用程序部署到目录 [D:\apache_tomcat_home\apache-tomcat-9.0.36\webapps\docs]
26-Jun-2020 11:34:40.501 信息 [main] org.apache.catalina.startup.HostConfig.deployDirectory Web应用程序目录[D:\apache_tomcat_home\apache-tomcat-9.0.36\webapps\docs]的部署已在[16]毫秒内完成
26-Jun-2020 11:34:40.501 信息 [main] org.apache.catalina.startup.HostConfig.deployDirectory 把web 应用程序部署到目录 [D:\apache_tomcat_home\apache-tomcat-9.0.36\webapps\examples]
26-Jun-2020 11:34:42.569 信息 [main] org.apache.catalina.startup.HostConfig.deployDirectory Web应用程序目录[D:\apache_tomcat_home\apache-tomcat-9.0.36\webapps\examples]的部署已在[2,067]毫秒内完成
26-Jun-2020 11:34:42.582 信息 [main] org.apache.catalina.startup.HostConfig.deployDirectory 把web 应用程序部署到目录 [D:\apache_tomcat_home\apache-tomcat-9.0.36\webapps\host-manager]
26-Jun-2020 11:34:42.723 信息 [main] org.apache.catalina.startup.HostConfig.deployDirectory Web应用程序目录[D:\apache_tomcat_home\apache-tomcat-9.0.36\webapps\host-manager]的部署已在[141]毫秒内完成
26-Jun-2020 11:34:42.754 信息 [main] org.apache.catalina.startup.HostConfig.deployDirectory 把web 应用程序部署到目录 [D:\apache_tomcat_home\apache-tomcat-9.0.36\webapps\manager]
26-Jun-2020 11:34:42.817 信息 [main] org.apache.catalina.startup.HostConfig.deployDirectory Web应用程序目录[D:\apache_tomcat_home\apache-tomcat-9.0.36\webapps\manager]的部署已在[63]毫秒内完成
26-Jun-2020 11:34:42.848 信息 [main] org.apache.coyote.AbstractProtocol.start 开始协议处理句柄["http-nio-8080"]
26-Jun-2020 11:34:42.879 信息 [main] org.apache.catalina.startup.Catalina.start [2,588]毫秒后服务器启动
26-Jun-2020 11:52:50.896 严重 [main] org.apache.catalina.startup.Catalina.stopServer 无法联系[localhost:8005]（基端口[8005]和偏移量[0]）。Tomcat可能不在运行。
26-Jun-2020 11:52:50.911 严重 [main] org.apache.catalina.startup.Catalina.stopServer 停止 Catalina 时出错
	java.net.ConnectException: Connection refused: connect
		at java.net.DualStackPlainSocketImpl.connect0(Native Method)
		at java.net.DualStackPlainSocketImpl.socketConnect(DualStackPlainSocketImpl.java:79)
		at java.net.AbstractPlainSocketImpl.doConnect(AbstractPlainSocketImpl.java:350)
		at java.net.AbstractPlainSocketImpl.connectToAddress(AbstractPlainSocketImpl.java:206)
		at java.net.AbstractPlainSocketImpl.connect(AbstractPlainSocketImpl.java:188)
		at java.net.PlainSocketImpl.connect(PlainSocketImpl.java:172)
		at java.net.SocksSocketImpl.connect(SocksSocketImpl.java:392)
		at java.net.Socket.connect(Socket.java:589)
		at java.net.Socket.connect(Socket.java:538)
		at java.net.Socket.<init>(Socket.java:434)
		at java.net.Socket.<init>(Socket.java:211)
		at org.apache.catalina.startup.Catalina.stopServer(Catalina.java:513)
		at sun.reflect.NativeMethodAccessorImpl.invoke0(Native Method)
		at sun.reflect.NativeMethodAccessorImpl.invoke(NativeMethodAccessorImpl.java:62)
		at sun.reflect.DelegatingMethodAccessorImpl.invoke(DelegatingMethodAccessorImpl.java:43)
		at java.lang.reflect.Method.invoke(Method.java:498)
		at org.apache.catalina.startup.Bootstrap.stopServer(Bootstrap.java:389)
		at org.apache.catalina.startup.Bootstrap.main(Bootstrap.java:479)
