25-Jun-2020 13:31:16.361 信息 [main] org.apache.catalina.core.ApplicationContext.log ContextListener: contextInitialized()
25-Jun-2020 13:31:16.361 信息 [main] org.apache.catalina.core.ApplicationContext.log SessionListener: contextInitialized()
25-Jun-2020 13:31:16.361 信息 [main] org.apache.catalina.core.ApplicationContext.log ContextListener: attributeAdded('StockTicker', 'async.Stockticker@3315d2d7')
25-Jun-2020 13:39:28.357 信息 [main] org.apache.catalina.core.ApplicationContext.log ContextListener: contextInitialized()
25-Jun-2020 13:39:28.357 信息 [main] org.apache.catalina.core.ApplicationContext.log SessionListener: contextInitialized()
25-Jun-2020 13:39:28.363 信息 [main] org.apache.catalina.core.ApplicationContext.log ContextListener: attributeAdded('StockTicker', 'async.Stockticker@62e7f11d')
25-Jun-2020 13:39:58.614 信息 [main] org.apache.catalina.core.ApplicationContext.log ContextListener: contextInitialized()
25-Jun-2020 13:39:58.614 信息 [main] org.apache.catalina.core.ApplicationContext.log SessionListener: contextInitialized()
25-Jun-2020 13:39:58.616 信息 [main] org.apache.catalina.core.ApplicationContext.log ContextListener: attributeAdded('StockTicker', 'async.Stockticker@62e7f11d')
25-Jun-2020 13:40:14.154 信息 [main] org.apache.catalina.core.ApplicationContext.log ContextListener: contextInitialized()
25-Jun-2020 13:40:14.154 信息 [main] org.apache.catalina.core.ApplicationContext.log SessionListener: contextInitialized()
25-Jun-2020 13:40:14.156 信息 [main] org.apache.catalina.core.ApplicationContext.log ContextListener: attributeAdded('StockTicker', 'async.Stockticker@62e7f11d')
25-Jun-2020 13:42:56.284 信息 [main] org.apache.catalina.core.ApplicationContext.log ContextListener: contextInitialized()
25-Jun-2020 13:42:56.284 信息 [main] org.apache.catalina.core.ApplicationContext.log SessionListener: contextInitialized()
25-Jun-2020 13:42:56.285 信息 [main] org.apache.catalina.core.ApplicationContext.log ContextListener: attributeAdded('StockTicker', 'async.Stockticker@3315d2d7')
25-Jun-2020 13:42:56.503 信息 [main] org.apache.catalina.core.ApplicationContext.log SessionListener: contextDestroyed()
25-Jun-2020 13:42:56.503 信息 [main] org.apache.catalina.core.ApplicationContext.log ContextListener: contextDestroyed()
25-Jun-2020 13:43:03.243 信息 [main] org.apache.catalina.core.ApplicationContext.log ContextListener: contextInitialized()
25-Jun-2020 13:43:03.243 信息 [main] org.apache.catalina.core.ApplicationContext.log SessionListener: contextInitialized()
25-Jun-2020 13:43:03.245 信息 [main] org.apache.catalina.core.ApplicationContext.log ContextListener: attributeAdded('StockTicker', 'async.Stockticker@3315d2d7')
25-Jun-2020 13:43:03.368 信息 [main] org.apache.catalina.core.ApplicationContext.log SessionListener: contextDestroyed()
25-Jun-2020 13:43:03.368 信息 [main] org.apache.catalina.core.ApplicationContext.log ContextListener: contextDestroyed()
25-Jun-2020 13:43:19.790 信息 [main] org.apache.catalina.core.ApplicationContext.log ContextListener: contextInitialized()
25-Jun-2020 13:43:19.790 信息 [main] org.apache.catalina.core.ApplicationContext.log SessionListener: contextInitialized()
25-Jun-2020 13:43:19.795 信息 [main] org.apache.catalina.core.ApplicationContext.log ContextListener: attributeAdded('StockTicker', 'async.Stockticker@3315d2d7')
25-Jun-2020 13:43:19.899 信息 [main] org.apache.catalina.core.ApplicationContext.log SessionListener: contextDestroyed()
25-Jun-2020 13:43:19.899 信息 [main] org.apache.catalina.core.ApplicationContext.log ContextListener: contextDestroyed()
25-Jun-2020 13:44:17.115 信息 [main] org.apache.catalina.core.ApplicationContext.log ContextListener: contextInitialized()
25-Jun-2020 13:44:17.115 信息 [main] org.apache.catalina.core.ApplicationContext.log SessionListener: contextInitialized()
25-Jun-2020 13:44:17.117 信息 [main] org.apache.catalina.core.ApplicationContext.log ContextListener: attributeAdded('StockTicker', 'async.Stockticker@62e7f11d')
25-Jun-2020 13:45:55.346 信息 [main] org.apache.catalina.core.ApplicationContext.log ContextListener: contextInitialized()
25-Jun-2020 13:45:55.346 信息 [main] org.apache.catalina.core.ApplicationContext.log SessionListener: contextInitialized()
25-Jun-2020 13:45:55.348 信息 [main] org.apache.catalina.core.ApplicationContext.log ContextListener: attributeAdded('StockTicker', 'async.Stockticker@36d585c')
25-Jun-2020 13:49:14.054 信息 [main] org.apache.catalina.core.ApplicationContext.log ContextListener: contextInitialized()
25-Jun-2020 13:49:14.054 信息 [main] org.apache.catalina.core.ApplicationContext.log SessionListener: contextInitialized()
25-Jun-2020 13:49:14.055 信息 [main] org.apache.catalina.core.ApplicationContext.log ContextListener: attributeAdded('StockTicker', 'async.Stockticker@62e7f11d')
25-Jun-2020 13:49:49.430 信息 [main] org.apache.catalina.core.ApplicationContext.log ContextListener: contextInitialized()
25-Jun-2020 13:49:49.430 信息 [main] org.apache.catalina.core.ApplicationContext.log SessionListener: contextInitialized()
25-Jun-2020 13:49:49.437 信息 [main] org.apache.catalina.core.ApplicationContext.log ContextListener: attributeAdded('StockTicker', 'async.Stockticker@3315d2d7')
25-Jun-2020 13:51:02.696 信息 [main] org.apache.catalina.core.ApplicationContext.log ContextListener: contextInitialized()
25-Jun-2020 13:51:02.696 信息 [main] org.apache.catalina.core.ApplicationContext.log SessionListener: contextInitialized()
25-Jun-2020 13:51:02.697 信息 [main] org.apache.catalina.core.ApplicationContext.log ContextListener: attributeAdded('StockTicker', 'async.Stockticker@62e7f11d')
25-Jun-2020 13:58:46.177 信息 [main] org.apache.catalina.core.ApplicationContext.log ContextListener: contextInitialized()
25-Jun-2020 13:58:46.180 信息 [main] org.apache.catalina.core.ApplicationContext.log SessionListener: contextInitialized()
25-Jun-2020 13:58:46.180 信息 [main] org.apache.catalina.core.ApplicationContext.log ContextListener: attributeAdded('StockTicker', 'async.Stockticker@3315d2d7')
25-Jun-2020 13:58:46.275 信息 [main] org.apache.catalina.core.ApplicationContext.log SessionListener: contextDestroyed()
25-Jun-2020 13:58:46.275 信息 [main] org.apache.catalina.core.ApplicationContext.log ContextListener: contextDestroyed()
25-Jun-2020 13:59:02.090 信息 [main] org.apache.catalina.core.ApplicationContext.log ContextListener: contextInitialized()
25-Jun-2020 13:59:02.090 信息 [main] org.apache.catalina.core.ApplicationContext.log SessionListener: contextInitialized()
25-Jun-2020 13:59:02.091 信息 [main] org.apache.catalina.core.ApplicationContext.log ContextListener: attributeAdded('StockTicker', 'async.Stockticker@3315d2d7')
25-Jun-2020 13:59:02.277 信息 [main] org.apache.catalina.core.ApplicationContext.log SessionListener: contextDestroyed()
25-Jun-2020 13:59:02.278 信息 [main] org.apache.catalina.core.ApplicationContext.log ContextListener: contextDestroyed()
25-Jun-2020 14:00:03.774 信息 [main] org.apache.catalina.core.ApplicationContext.log ContextListener: contextInitialized()
25-Jun-2020 14:00:03.774 信息 [main] org.apache.catalina.core.ApplicationContext.log SessionListener: contextInitialized()
25-Jun-2020 14:00:03.775 信息 [main] org.apache.catalina.core.ApplicationContext.log ContextListener: attributeAdded('StockTicker', 'async.Stockticker@62e7f11d')
25-Jun-2020 14:00:04.093 信息 [main] org.apache.catalina.core.ApplicationContext.log SessionListener: contextDestroyed()
25-Jun-2020 14:00:04.094 信息 [main] org.apache.catalina.core.ApplicationContext.log ContextListener: contextDestroyed()
25-Jun-2020 14:00:33.539 信息 [main] org.apache.catalina.core.ApplicationContext.log ContextListener: contextInitialized()
25-Jun-2020 14:00:33.540 信息 [main] org.apache.catalina.core.ApplicationContext.log SessionListener: contextInitialized()
25-Jun-2020 14:00:33.541 信息 [main] org.apache.catalina.core.ApplicationContext.log ContextListener: attributeAdded('StockTicker', 'async.Stockticker@62e7f11d')
25-Jun-2020 14:00:33.794 信息 [main] org.apache.catalina.core.ApplicationContext.log SessionListener: contextDestroyed()
25-Jun-2020 14:00:33.794 信息 [main] org.apache.catalina.core.ApplicationContext.log ContextListener: contextDestroyed()
25-Jun-2020 14:00:40.786 信息 [main] org.apache.catalina.core.ApplicationContext.log ContextListener: contextInitialized()
25-Jun-2020 14:00:40.787 信息 [main] org.apache.catalina.core.ApplicationContext.log SessionListener: contextInitialized()
25-Jun-2020 14:00:40.787 信息 [main] org.apache.catalina.core.ApplicationContext.log ContextListener: attributeAdded('StockTicker', 'async.Stockticker@62e7f11d')
25-Jun-2020 14:00:41.049 信息 [main] org.apache.catalina.core.ApplicationContext.log SessionListener: contextDestroyed()
25-Jun-2020 14:00:41.049 信息 [main] org.apache.catalina.core.ApplicationContext.log ContextListener: contextDestroyed()
25-Jun-2020 14:01:16.066 信息 [main] org.apache.catalina.core.ApplicationContext.log ContextListener: contextInitialized()
25-Jun-2020 14:01:16.066 信息 [main] org.apache.catalina.core.ApplicationContext.log SessionListener: contextInitialized()
25-Jun-2020 14:01:16.068 信息 [main] org.apache.catalina.core.ApplicationContext.log ContextListener: attributeAdded('StockTicker', 'async.Stockticker@62e7f11d')
25-Jun-2020 14:01:16.342 信息 [main] org.apache.catalina.core.ApplicationContext.log SessionListener: contextDestroyed()
25-Jun-2020 14:01:16.342 信息 [main] org.apache.catalina.core.ApplicationContext.log ContextListener: contextDestroyed()
25-Jun-2020 14:09:10.299 信息 [main] org.apache.catalina.core.ApplicationContext.log ContextListener: contextInitialized()
25-Jun-2020 14:09:10.299 信息 [main] org.apache.catalina.core.ApplicationContext.log SessionListener: contextInitialized()
25-Jun-2020 14:09:10.300 信息 [main] org.apache.catalina.core.ApplicationContext.log ContextListener: attributeAdded('StockTicker', 'async.Stockticker@3315d2d7')
25-Jun-2020 14:09:10.399 信息 [main] org.apache.catalina.core.ApplicationContext.log SessionListener: contextDestroyed()
25-Jun-2020 14:09:10.399 信息 [main] org.apache.catalina.core.ApplicationContext.log ContextListener: contextDestroyed()
25-Jun-2020 14:10:33.082 信息 [main] org.apache.catalina.core.ApplicationContext.log SessionListener: contextDestroyed()
25-Jun-2020 14:10:33.083 信息 [main] org.apache.catalina.core.ApplicationContext.log ContextListener: contextDestroyed()
25-Jun-2020 14:10:50.822 信息 [main] org.apache.catalina.core.ApplicationContext.log ContextListener: contextInitialized()
25-Jun-2020 14:10:50.822 信息 [main] org.apache.catalina.core.ApplicationContext.log SessionListener: contextInitialized()
25-Jun-2020 14:10:50.823 信息 [main] org.apache.catalina.core.ApplicationContext.log ContextListener: attributeAdded('StockTicker', 'async.Stockticker@36d585c')
25-Jun-2020 14:14:53.557 信息 [main] org.apache.catalina.core.ApplicationContext.log SessionListener: contextDestroyed()
25-Jun-2020 14:14:53.557 信息 [main] org.apache.catalina.core.ApplicationContext.log ContextListener: contextDestroyed()
25-Jun-2020 14:15:23.725 信息 [main] org.apache.catalina.core.ApplicationContext.log ContextListener: contextInitialized()
25-Jun-2020 14:15:23.725 信息 [main] org.apache.catalina.core.ApplicationContext.log SessionListener: contextInitialized()
25-Jun-2020 14:15:23.732 信息 [main] org.apache.catalina.core.ApplicationContext.log ContextListener: attributeAdded('StockTicker', 'async.Stockticker@3315d2d7')
25-Jun-2020 14:16:08.825 信息 [main] org.apache.catalina.core.ApplicationContext.log SessionListener: contextDestroyed()
25-Jun-2020 14:16:08.825 信息 [main] org.apache.catalina.core.ApplicationContext.log ContextListener: contextDestroyed()
25-Jun-2020 14:16:13.155 信息 [main] org.apache.catalina.core.ApplicationContext.log ContextListener: contextInitialized()
25-Jun-2020 14:16:13.155 信息 [main] org.apache.catalina.core.ApplicationContext.log SessionListener: contextInitialized()
25-Jun-2020 14:16:13.156 信息 [main] org.apache.catalina.core.ApplicationContext.log ContextListener: attributeAdded('StockTicker', 'async.Stockticker@28975c28')
25-Jun-2020 14:18:09.554 信息 [main] org.apache.catalina.core.ApplicationContext.log SessionListener: contextDestroyed()
25-Jun-2020 14:18:09.554 信息 [main] org.apache.catalina.core.ApplicationContext.log ContextListener: contextDestroyed()
25-Jun-2020 14:18:15.325 信息 [main] org.apache.catalina.core.ApplicationContext.log ContextListener: contextInitialized()
25-Jun-2020 14:18:15.325 信息 [main] org.apache.catalina.core.ApplicationContext.log SessionListener: contextInitialized()
25-Jun-2020 14:18:15.326 信息 [main] org.apache.catalina.core.ApplicationContext.log ContextListener: attributeAdded('StockTicker', 'async.Stockticker@62e7f11d')
25-Jun-2020 14:19:08.907 信息 [main] org.apache.catalina.core.ApplicationContext.log SessionListener: contextDestroyed()
25-Jun-2020 14:19:08.907 信息 [main] org.apache.catalina.core.ApplicationContext.log ContextListener: contextDestroyed()
25-Jun-2020 14:19:12.372 信息 [main] org.apache.catalina.core.ApplicationContext.log ContextListener: contextInitialized()
25-Jun-2020 14:19:12.372 信息 [main] org.apache.catalina.core.ApplicationContext.log SessionListener: contextInitialized()
25-Jun-2020 14:19:12.376 信息 [main] org.apache.catalina.core.ApplicationContext.log ContextListener: attributeAdded('StockTicker', 'async.Stockticker@62e7f11d')
25-Jun-2020 14:27:27.809 信息 [main] org.apache.catalina.core.ApplicationContext.log ContextListener: contextInitialized()
25-Jun-2020 14:27:27.809 信息 [main] org.apache.catalina.core.ApplicationContext.log SessionListener: contextInitialized()
25-Jun-2020 14:27:27.809 信息 [main] org.apache.catalina.core.ApplicationContext.log ContextListener: attributeAdded('StockTicker', 'async.Stockticker@62e7f11d')
25-Jun-2020 14:28:19.012 信息 [main] org.apache.catalina.core.ApplicationContext.log ContextListener: contextInitialized()
25-Jun-2020 14:28:19.012 信息 [main] org.apache.catalina.core.ApplicationContext.log SessionListener: contextInitialized()
25-Jun-2020 14:28:19.013 信息 [main] org.apache.catalina.core.ApplicationContext.log ContextListener: attributeAdded('StockTicker', 'async.Stockticker@3315d2d7')
25-Jun-2020 14:28:19.141 信息 [main] org.apache.catalina.core.ApplicationContext.log SessionListener: contextDestroyed()
25-Jun-2020 14:28:19.141 信息 [main] org.apache.catalina.core.ApplicationContext.log ContextListener: contextDestroyed()
25-Jun-2020 14:28:40.335 信息 [main] org.apache.catalina.core.ApplicationContext.log ContextListener: contextInitialized()
25-Jun-2020 14:28:40.335 信息 [main] org.apache.catalina.core.ApplicationContext.log SessionListener: contextInitialized()
25-Jun-2020 14:28:40.336 信息 [main] org.apache.catalina.core.ApplicationContext.log ContextListener: attributeAdded('StockTicker', 'async.Stockticker@62e7f11d')
25-Jun-2020 14:41:07.593 信息 [main] org.apache.catalina.core.ApplicationContext.log ContextListener: contextInitialized()
25-Jun-2020 14:41:07.593 信息 [main] org.apache.catalina.core.ApplicationContext.log SessionListener: contextInitialized()
25-Jun-2020 14:41:07.594 信息 [main] org.apache.catalina.core.ApplicationContext.log ContextListener: attributeAdded('StockTicker', 'async.Stockticker@62e7f11d')
25-Jun-2020 14:43:04.366 信息 [main] org.apache.catalina.core.ApplicationContext.log ContextListener: contextInitialized()
25-Jun-2020 14:43:04.366 信息 [main] org.apache.catalina.core.ApplicationContext.log SessionListener: contextInitialized()
25-Jun-2020 14:43:04.368 信息 [main] org.apache.catalina.core.ApplicationContext.log ContextListener: attributeAdded('StockTicker', 'async.Stockticker@62e7f11d')
25-Jun-2020 14:44:40.687 信息 [main] org.apache.catalina.core.ApplicationContext.log SessionListener: contextDestroyed()
25-Jun-2020 14:44:40.687 信息 [main] org.apache.catalina.core.ApplicationContext.log ContextListener: contextDestroyed()
25-Jun-2020 14:44:45.337 信息 [main] org.apache.catalina.core.ApplicationContext.log ContextListener: contextInitialized()
25-Jun-2020 14:44:45.337 信息 [main] org.apache.catalina.core.ApplicationContext.log SessionListener: contextInitialized()
25-Jun-2020 14:44:45.338 信息 [main] org.apache.catalina.core.ApplicationContext.log ContextListener: attributeAdded('StockTicker', 'async.Stockticker@49dc7102')
